#
# A fatal error has been detected by the Java Runtime Environment:
#
#  EXCEPTION_ACCESS_VIOLATION (0xc0000005) at pc=0x000000005b5df0b7, pid=8368, tid=8952
#
# JRE version: 7.0_21-b11
# Java VM: Java HotSpot(TM) 64-Bit Server VM (23.21-b01 mixed mode windows-amd64 compressed oops)
# Problematic frame:
# V  [jvm.dll+0x1af0b7]
#
# Failed to write core dump. Minidumps are not enabled by default on client versions of Windows
#
# If you would like to submit a bug report, please visit:
#   http://bugreport.sun.com/bugreport/crash.jsp
#

---------------  T H R E A D  ---------------

Current thread (0x0000000011154000):  JavaThread "Signal Dispatcher" daemon [_thread_in_vm, id=8952, stack(0x00000000124b0000,0x00000000125b0000)]

siginfo: ExceptionCode=0xc0000005, writing address 0x00000000125aaf20

Registers:
RAX=0x00000000125aaf20, RBX=0x0000000000000005, RCX=0x0000000000004000, RDX=0x00000000124b9178
RSP=0x00000000125aef20, RBP=0x0000000000000000, RSI=0x00000000125aef20, RDI=0x0000000000000005
R8 =0x0000000000000009, R9 =0x0000000011154000, R10=0x00000000125af160, R11=0x00000000125af2d8
R12=0x00000000125af2d8, R13=0x00000000125af068, R14=0x00000000125af170, R15=0x00000000027d0880
RIP=0x000000005b5df0b7, EFLAGS=0x0000000000010202

Top of Stack: (sp=0x00000000125aef20)
0x00000000125aef20:   0000000011154da0 00000000111627b0
0x00000000125aef30:   000003ff00000000 0000000000000080
0x00000000125aef40:   0000000000000000 000000005b5dfbf7
0x00000000125aef50:   00000000125af300 0000000011154da0
0x00000000125aef60:   0000000011154000 0000000011154000
0x00000000125aef70:   0000000000000010 00000000111627b0
0x00000000125aef80:   0000000000000008 0000000002554a00
0x00000000125aef90:   0000000000000000 000000005b4b107b
0x00000000125aefa0:   0000000000310230 0000000002554a38
0x00000000125aefb0:   0000000002550230 0000000000000082
0x00000000125aefc0:   0000000011154da0 0000000000000009
0x00000000125aefd0:   0000000011154000 000007fefcd010dc
0x00000000125aefe0:   00000000125af170 0000000011154000
0x00000000125aeff0:   00000006fae38800 00000000125af310
0x00000000125af000:   00000000024888c0 00000000125af2d8
0x00000000125af010:   0000000011154000 00000000125af170 

Instructions: (pc=0x000000005b5df0b7)
0x000000005b5df097:   48 89 6c 24 30 33 ed 66 90 e8 eb 3d 06 00 ff c3
0x000000005b5df0a7:   48 63 c8 48 8b c6 48 0f af cf 48 ff c7 48 2b c1
0x000000005b5df0b7:   89 28 48 63 c3 48 3b 05 3d 23 4b 00 7e db 48 8b
0x000000005b5df0c7:   6c 24 30 48 8b 5c 24 38 48 8b 74 24 40 48 83 c4 


Register to memory mapping:

RAX=0x00000000125aaf20 is pointing into the stack for thread: 0x0000000011154000
RBX=0x0000000000000005 is an unknown value
RCX=0x0000000000004000 is an unknown value
RDX=0x00000000124b9178 is pointing into the stack for thread: 0x0000000011154000
RSP=0x00000000125aef20 is pointing into the stack for thread: 0x0000000011154000
RBP=0x0000000000000000 is an unknown value
RSI=0x00000000125aef20 is pointing into the stack for thread: 0x0000000011154000
RDI=0x0000000000000005 is an unknown value
R8 =0x0000000000000009 is an unknown value
R9 =0x0000000011154000 is a thread
R10=0x00000000125af160 is pointing into the stack for thread: 0x0000000011154000
R11=0x00000000125af2d8 is pointing into the stack for thread: 0x0000000011154000
R12=0x00000000125af2d8 is pointing into the stack for thread: 0x0000000011154000
R13=0x00000000125af068 is pointing into the stack for thread: 0x0000000011154000
R14=0x00000000125af170 is pointing into the stack for thread: 0x0000000011154000
R15=0x00000000027d0880 is an Interpreter codelet
method entry point (kind = zerolocals)  [0x00000000027d0880, 0x00000000027d0b80]  768 bytes


Stack: [0x00000000124b0000,0x00000000125b0000],  sp=0x00000000125aef20,  free space=1019k
Native frames: (J=compiled Java code, j=interpreted, Vv=VM code, C=native code)
V  [jvm.dll+0x1af0b7]
