 (memory/allocation.inline.hpp:58), pid=7460, tid=3156
#
# JRE version: 7.0_21-b11
# Java VM: Java HotSpot(TM) 64-Bit Server VM (23.21-b01 mixed mode windows-amd64 compressed oops)
# Failed to write core dump. Minidumps are not enabled by default on client versions of Windows
#

---------------  T H R E A D  ---------------

Current thread is native thread

Stack: [0x0000000002900000,0x0000000002a00000]

---------------  P R O C E S S  ---------------

VM state:not at safepoint (not fully initialized)

VM Mutex/Monitor currently owned by a thread: None

Deoptimization events (0 events):
No events

Internal exceptions (0 events):
No events

Events (0 events):
No events


Dynamic libraries:
0x000000013f260000 - 0x000000013f293000 	D:\environment\jdk\jdk-7u21-windows-x64\bin\java.exe
0x0000000076cd0000 - 0x0000000076e79000 	C:\Windows\SYSTEM32\ntdll.dll
0x0000000076ab0000 - 0x0000000076bcf000 	C:\Windows\system32\kernel32.dll
0x000007fefcd00000 - 0x000007fefcd6c000 	C:\Windows\system32\KERNELBASE.dll
0x000007fefeaa0000 - 0x000007fefeb7b000 	C:\Windows\system32\ADVAPI32.dll
0x000007fefcee0000 - 0x000007fefcf7f000 	C:\Windows\system32\msvcrt.dll
0x000007fefd5d0000 - 0x000007fefd5ef000 	C:\Windows\SYSTEM32\sechost.dll
0x000007fefed90000 - 0x000007fefeebd000 	C:\Windows\system32\RPCRT4.dll
0x0000000076bd0000 - 0x0000000076cca000 	C:\Windows\system32\USER32.dll
0x000007fefd560000 - 0x000007fefd5c7000 	C:\Windows\system32\GDI32.dll
0x000007fefcf80000 - 0x000007fefcf8e000 	C:\Windows\system32\LPK.dll
0x000007fefd490000 - 0x000007fefd559000 	C:\Windows\system32\USP10.dll
0x000007fefb530000 - 0x000007fefb724000 	C:\Windows\WinSxS\amd64_microsoft.windows.common-controls_6595b64144ccf1df_6.0.7601.18837_none_fa3b1e3d17594757\COMCTL32.dll
0x000007fefd7b0000 - 0x000007fefd821000 	C:\Windows\system32\SHLWAPI.dll
0x000007fefcfe0000 - 0x000007fefd00e000 	C:\Windows\system32\IMM32.DLL
0x000007fefeec0000 - 0x000007fefefc9000 	C:\Windows\system32\MSCTF.dll
0x0000000057950000 - 0x0000000057a21000 	D:\environment\jdk\jdk-7u21-windows-x64\jre\bin\msvcr100.dll
0x000000005b430000 - 0x000000005bb51000 	D:\environment\jdk\jdk-7u21-windows-x64\jre\bin\server\jvm.dll
0x000007fef6ec0000 - 0x000007fef6ec9000 	C:\Windows\system32\WSOCK32.dll
0x000007fefcf90000 - 0x000007fefcfdd000 	C:\Windows\system32\WS2_32.dll
0x000007fefefd0000 - 0x000007fefefd8000 	C:\Windows\system32\NSI.dll
0x000007fefa720000 - 0x000007fefa75b000 	C:\Windows\system32\WINMM.dll
0x0000000076e90000 - 0x0000000076e97000 	C:\Windows\system32\PSAPI.DLL
0x0000000072f00000 - 0x0000000072f0f000 	D:\environment\jdk\jdk-7u21-windows-x64\jre\bin\verify.dll
0x0000000072ed0000 - 0x0000000072ef8000 	D:\environment\jdk\jdk-7u21-windows-x64\jre\bin\java.dll

VM Arguments:
jvm_args: -Djava.awt.headless=true -Xmx4g -Dfile.encoding=GBK -Duser.country=CN -Duser.language=zh -Duser.variant 
java_command: com.android.dx.command.Main --dex --num-threads=4 --output D:\workspace\myDemo\app\build\intermediates\pre-dexed\carrey\debug\myDemo-common-unspecified_ded084b27a736245caf8469dd1b0562232d63d76.jar D:\workspace\myDemo\app\build\intermediates\exploded-aar\myDemo\common\unspecified\jars\classes.jar
Launcher Type: SUN_STANDARD

Environment Variables:
JAVA_HOME=D:\environment\jdk\jdk-7u21-windows-x64
PATH=D:\environment\python\;D:\environment\python\Scripts;D:\environment\jdk\jdk-7u21-windows-x64\bin;D:\environment\git\Git\bin;D:\environment\sdk\sdk\platform-tools;;C:\Program Files (x86)\Intel\iCLS Client\;C:\Program Files\Intel\iCLS Client\;C:\Windows\system32;C:\Windows;C:\Windows\System32\Wbem;C:\Windows\System32\WindowsPowerShell\v1.0\;C:\Program Files\Intel\WiFi\bin\;C:\Program Files\Common Files\Intel\WirelessCommon\;C:\Program Files\Lenovo\Fingerprint Manager Pro\;C:\Program Files\Intel\Intel(R) Management Engine Components\DAL;C:\Program Files (x86)\Intel\Intel(R) Management Engine Components\DAL;C:\Program Files\Intel\Intel(R) Management Engine Components\IPT;C:\Program Files (x86)\Intel\Intel(R) Management Engine Components\IPT;C:\Program Files\Intel\WiFi\bin\;C:\Program Files\Common Files\Intel\WirelessCommon\
USERNAME=carrey
OS=Windows_NT
PROCESSOR_IDENTIFIER=Intel64 Family 6 Model 61 Stepping 4, GenuineIntel



---------------  S Y S T E M  ---------------

OS: Windows 7 , 64 bit Build 7601 Service Pack 1

CPU:total 4 

Memory: 4k page, physical 10994044k(3740656k free), swap 10992208k(5032k free)

vm_info: Java HotSpot(TM) 64-Bit Server VM (23.21-b01) for windows-amd64 JRE (1.7.0_21-b11), built on Apr  4 2013 08:11:28 by "java_re" with unknown MS VC++:1600

time: Wed Jan 13 15:33:28 2016
elapsed time: 0 seconds

