#
# There is insufficient memory for the Java Runtime Environment to continue.
# Native memory allocation (malloc) failed to allocate 341936 bytes for Chunk::new
# Possible reasons:
#   The system is out of physical RAM or swap space
#   In 32 bit mode, the process size limit was hit
# Possible solutions:
#   Reduce memory load on the system
#   Increase physical memory or swap space
#   Check if swap backing store is full
#   Use 64 bit Java on a 64 bit OS
#   Decrease Java heap size (-Xmx/-Xms)
#   Decrease number of Java threads
#   Decrease Java thread stack sizes (-Xss)
#   Set larger code cache with -XX:ReservedCodeCacheSize=
# This output file may be truncated or incomplete.
#
#  Out of Memory Error (allocation.cpp:328), pid=7900, tid=3856
#
# JRE version: 7.0_21-b11
# Java VM: Java HotSpot(TM) 64-Bit Server VM (23.21-b01 mixed mode windows-amd64 compressed oops)
# Failed to write core dump. Minidumps are not enabled by default on client versions of Windows
#

---------------  T H R E A D  ---------------

Current thread (0x000000001101c800):  JavaThread "C2 CompilerThread0" daemon [_thread_in_native, id=3856, stack(0x0000000012510000,0x0000000012610000)]

Stack: [0x0000000012510000,0x0000000012610000]

Current CompileTask:
C2:   1793  227             com.android.dx.ssa.SsaBasicBlock::newFromRop (183 bytes)


---------------  P R O C E S S  ---------------

Java Threads: ( => current thread )
  0x0000000012de7800 JavaThread "pool-1-thread-4" [_thread_in_Java, id=7396, stack(0x00000000137c0000,0x00000000138c0000)]
  0x0000000012e84000 JavaThread "pool-1-thread-3" [_thread_in_Java, id=7352, stack(0x00000000127a0000,0x00000000128a0000)]
  0x0000000012e83800 JavaThread "pool-1-thread-2" [_thread_in_Java, id=4144, stack(0x0000000013560000,0x0000000013660000)]
  0x0000000012eb4000 JavaThread "pool-2-thread-1" [_thread_blocked, id=1420, stack(0x0000000013360000,0x0000000013460000)]
  0x0000000012de3000 JavaThread "pool-1-thread-1" [_thread_in_Java, id=7868, stack(0x0000000013140000,0x0000000013240000)]
  0x0000000011022800 JavaThread "Service Thread" daemon [_thread_blocked, id=8004, stack(0x0000000012a90000,0x0000000012b90000)]
  0x0000000011021800 JavaThread "C2 CompilerThread1" daemon [_thread_in_native, id=7232, stack(0x0000000012910000,0x0000000012a10000)]
=>0x000000001101c800 JavaThread "C2 CompilerThread0" daemon [_thread_in_native, id=3856, stack(0x0000000012510000,0x0000000012610000)]
  0x000000001101b800 JavaThread "Attach Listener" daemon [_thread_blocked, id=3796, stack(0x0000000012670000,0x0000000012770000)]
  0x0000000011014000 JavaThread "Signal Dispatcher" daemon [_thread_blocked, id=5428, stack(0x0000000012390000,0x0000000012490000)]
  0x0000000002461000 JavaThread "Finalizer" daemon [_thread_blocked, id=6516, stack(0x0000000011f50000,0x0000000012050000)]
  0x000000000245f800 JavaThread "Reference Handler" daemon [_thread_blocked, id=7244, stack(0x0000000012200000,0x0000000012300000)]
  0x000000000236e800 JavaThread "main" [_thread_in_Java, id=7608, stack(0x0000000002510000,0x0000000002610000)]

Other Threads:
  0x0000000010f72800 VMThread [stack: 0x00000000120b0000,0x00000000121b0000] [id=6756]
  0x0000000011033800 WatcherThread [stack: 0x0000000012c10000,0x0000000012d10000] [id=2596]

VM state:not at safepoint (normal execution)

VM Mutex/Monitor currently owned by a thread: None

Heap
 PSYoungGen      total 50176K, used 38795K [0x00000007aaab0000, 0x00000007ae2a0000, 0x0000000800000000)
  eden space 43072K, 90% used [0x00000007aaab0000,0x00000007ad092fe8,0x00000007ad4c0000)
  from space 7104K, 0% used [0x00000007adbb0000,0x00000007adbb0000,0x00000007ae2a0000)
  to   space 7104K, 0% used [0x00000007ad4c0000,0x00000007ad4c0000,0x00000007adbb0000)
 ParOldGen       total 114560K, used 0K [0x0000000700000000, 0x0000000706fe0000, 0x00000007aaab0000)
  object space 114560K, 0% used [0x0000000700000000,0x0000000700000000,0x0000000706fe0000)
 PSPermGen       total 21248K, used 5890K [0x00000006fae00000, 0x00000006fc2c0000, 0x0000000700000000)
  object space 21248K, 27% used [0x00000006fae00000,0x00000006fb3c08b0,0x00000006fc2c0000)

Card table byte_map: [0x00000000056d0000,0x0000000005f00000] byte_map_base: 0x0000000001ef9000

Polling page: 0x0000000000750000

Code Cache  [0x0000000002610000, 0x0000000002880000, 0x0000000005610000)
 total_blobs=462 nmethods=225 adapters=188 free_code_cache=48280Kb largest_free_block=49405888

Compilation events (10 events):
Event: 1.673 Thread 0x000000001101c800 nmethod 222 0x00000000026db250 code [0x00000000026db3a0, 0x00000000026db4f8]
Event: 1.673 Thread 0x000000001101c800  223             com.android.dx.rop.code.LocalVariableExtractor::processBlock (327 bytes)
Event: 1.740 Thread 0x000000001101c800 nmethod 223 0x00000000026edfd0 code [0x00000000026ee280, 0x00000000026ef8e8]
Event: 1.740 Thread 0x000000001101c800  224             com.android.dx.ssa.SsaRenamer::access$000 (5 bytes)
Event: 1.741 Thread 0x000000001101c800 nmethod 224 0x00000000026dbf10 code [0x00000000026dc040, 0x00000000026dc098]
Event: 1.741 Thread 0x000000001101c800  225             java.util.ArrayList::ensureCapacity (10 bytes)
Event: 1.742 Thread 0x000000001101c800 nmethod 225 0x00000000026daf90 code [0x00000000026db0e0, 0x00000000026db188]
Event: 1.742 Thread 0x000000001101c800  226             java.util.HashMap::<init> (9 bytes)
Event: 1.742 Thread 0x000000001101c800 nmethod 226 0x00000000026d8f90 code [0x00000000026d9100, 0x00000000026d9188]
Event: 1.742 Thread 0x000000001101c800  227             com.android.dx.ssa.SsaBasicBlock::newFromRop (183 bytes)

GC Heap History (0 events):
No events

Deoptimization events (2 events):
Event: 1.208 Thread 0x0000000012e83800 Uncommon trap -83 fr.pc 0x00000000026a02d8
Event: 1.627 Thread 0x0000000012e83800 Uncommon trap -12 fr.pc 0x00000000026c1468

Internal exceptions (10 events):
Event: 0.626 Thread 0x000000000236e800 Threw 0x00000007ab4656a0 at C:\jdk7u2_64p\jdk7u21\hotspot\src\share\vm\prims\jvm.cpp:1166
Event: 0.626 Thread 0x000000000236e800 Threw 0x00000007ab468d00 at C:\jdk7u2_64p\jdk7u21\hotspot\src\share\vm\prims\jvm.cpp:1166
Event: 0.629 Thread 0x000000000236e800 Threw 0x00000007ab475338 at C:\jdk7u2_64p\jdk7u21\hotspot\src\share\vm\prims\jvm.cpp:1166
Event: 0.630 Thread 0x000000000236e800 Threw 0x00000007ab47b3d8 at C:\jdk7u2_64p\jdk7u21\hotspot\src\share\vm\prims\jvm.cpp:1166
Event: 0.631 Thread 0x000000000236e800 Threw 0x00000007ab47fb30 at C:\jdk7u2_64p\jdk7u21\hotspot\src\share\vm\prims\jvm.cpp:1166
Event: 0.653 Thread 0x000000000236e800 Threw 0x00000007ab4c1980 at C:\jdk7u2_64p\jdk7u21\hotspot\src\share\vm\prims\jvm.cpp:1166
Event: 0.694 Thread 0x0000000012de7800 Threw 0x00000007ab27a5f0 at C:\jdk7u2_64p\jdk7u21\hotspot\src\share\vm\prims\jvm.cpp:1166
Event: 0.702 Thread 0x0000000012de7800 Threw 0x00000007ab282f30 at C:\jdk7u2_64p\jdk7u21\hotspot\src\share\vm\prims\jvm.cpp:1166
Event: 0.740 Thread 0x0000000012e83800 Threw 0x00000007ab6cbf08 at C:\jdk7u2_64p\jdk7u21\hotspot\src\share\vm\prims\jvm.cpp:1166
Event: 1.627 Thread 0x0000000012e83800 Implicit null exception at 0x00000000026c0046 to 0x00000000026c1431

Events (10 events):
Event: 0.782 loading class 0x0000000002456f90
Event: 0.782 loading class 0x0000000002456f90 done
Event: 0.896 loading class 0x0000000010f8c820
Event: 0.896 loading class 0x0000000010f8c820 done
Event: 0.896 loading class 0x0000000010f837f0
Event: 0.896 loading class 0x0000000010f837f0 done
Event: 1.208 Thread 0x0000000012e83800 DEOPT PACKING pc=0x00000000026a02d8 sp=0x000000001365e540
Event: 1.208 Thread 0x0000000012e83800 DEOPT UNPACKING pc=0x0000000002649164 sp=0x000000001365e4e0 mode 2
Event: 1.627 Thread 0x0000000012e83800 DEOPT PACKING pc=0x00000000026c1468 sp=0x000000001365e870
Event: 1.627 Thread 0x0000000012e83800 DEOPT UNPACKING pc=0x0000000002649164 sp=0x000000001365e608 mode 2


Dynamic libraries:
0x000000013f260000 - 0x000000013f293000 	D:\environment\jdk\jdk-7u21-windows-x64\bin\java.exe
0x0000000076cd0000 - 0x0000000076e79000 	C:\Windows\SYSTEM32\ntdll.dll
0x0000000076ab0000 - 0x0000000076bcf000 	C:\Windows\system32\kernel32.dll
0x000007fefcd00000 - 0x000007fefcd6c000 	C:\Windows\system32\KERNELBASE.dll
0x000007fefeaa0000 - 0x000007fefeb7b000 	C:\Windows\system32\ADVAPI32.dll
0x000007fefcee0000 - 0x000007fefcf7f000 	C:\Windows\system32\msvcrt.dll
0x000007fefd5d0000 - 0x000007fefd5ef000 	C:\Windows\SYSTEM32\sechost.dll
0x000007fefed90000 - 0x000007fefeebd000 	C:\Windows\system32\RPCRT4.dll
0x0000000076bd0000 - 0x0000000076cca000 	C:\Windows\system32\USER32.dll
0x000007fefd560000 - 0x000007fefd5c7000 	C:\Windows\system32\GDI32.dll
0x000007fefcf80000 - 0x000007fefcf8e000 	C:\Windows\system32\LPK.dll
0x000007fefd490000 - 0x000007fefd559000 	C:\Windows\system32\USP10.dll
0x000007fefb530000 - 0x000007fefb724000 	C:\Windows\WinSxS\amd64_microsoft.windows.common-controls_6595b64144ccf1df_6.0.7601.18837_none_fa3b1e3d17594757\COMCTL32.dll
0x000007fefd7b0000 - 0x000007fefd821000 	C:\Windows\system32\SHLWAPI.dll
0x000007fefcfe0000 - 0x000007fefd00e000 	C:\Windows\system32\IMM32.DLL
0x000007fefeec0000 - 0x000007fefefc9000 	C:\Windows\system32\MSCTF.dll
0x0000000057950000 - 0x0000000057a21000 	D:\environment\jdk\jdk-7u21-windows-x64\jre\bin\msvcr100.dll
0x000000005b430000 - 0x000000005bb51000 	D:\environment\jdk\jdk-7u21-windows-x64\jre\bin\server\jvm.dll
0x000007fef6ec0000 - 0x000007fef6ec9000 	C:\Windows\system32\WSOCK32.dll
0x000007fefcf90000 - 0x000007fefcfdd000 	C:\Windows\system32\WS2_32.dll
0x000007fefefd0000 - 0x000007fefefd8000 	C:\Windows\system32\NSI.dll
0x000007fefa720000 - 0x000007fefa75b000 	C:\Windows\system32\WINMM.dll
0x0000000076e90000 - 0x0000000076e97000 	C:\Windows\system32\PSAPI.DLL
0x0000000072f00000 - 0x0000000072f0f000 	D:\environment\jdk\jdk-7u21-windows-x64\jre\bin\verify.dll
0x0000000072ed0000 - 0x0000000072ef8000 	D:\environment\jdk\jdk-7u21-windows-x64\jre\bin\java.dll
0x0000000072eb0000 - 0x0000000072ec5000 	D:\environment\jdk\jdk-7u21-windows-x64\jre\bin\zip.dll
0x0000000072e90000 - 0x0000000072ea9000 	D:\environment\jdk\jdk-7u21-windows-x64\jre\bin\net.dll
0x000007fefc220000 - 0x000007fefc275000 	C:\Windows\system32\mswsock.dll
0x000007fefc210000 - 0x000007fefc217000 	C:\Windows\System32\wship6.dll
0x0000000072e70000 - 0x0000000072e81000 	D:\environment\jdk\jdk-7u21-windows-x64\jre\bin\nio.dll

VM Arguments:
jvm_args: -Djava.awt.headless=true -Xmx4g -Dfile.encoding=GBK -Duser.country=CN -Duser.language=zh -Duser.variant 
java_command: com.android.dx.command.Main --dex --num-threads=4 --output D:\workspace\myDemo\app\build\intermediates\pre-dexed\carrey\debug\fastjson-1.1.45.android_0d5fa2600b55d478737fdd4ee115d59c770b4c3d.jar D:\workspace\myDemo\app\build\intermediates\exploded-aar\myDemo\common\unspecified\jars\libs\fastjson-1.1.45.android.jar
Launcher Type: SUN_STANDARD

Environment Variables:
JAVA_HOME=D:\environment\jdk\jdk-7u21-windows-x64
PATH=D:\environment\python\;D:\environment\python\Scripts;D:\environment\jdk\jdk-7u21-windows-x64\bin;D:\environment\git\Git\bin;D:\environment\sdk\sdk\platform-tools;;C:\Program Files (x86)\Intel\iCLS Client\;C:\Program Files\Intel\iCLS Client\;C:\Windows\system32;C:\Windows;C:\Windows\System32\Wbem;C:\Windows\System32\WindowsPowerShell\v1.0\;C:\Program Files\Intel\WiFi\bin\;C:\Program Files\Common Files\Intel\WirelessCommon\;C:\Program Files\Lenovo\Fingerprint Manager Pro\;C:\Program Files\Intel\Intel(R) Management Engine Components\DAL;C:\Program Files (x86)\Intel\Intel(R) Management Engine Components\DAL;C:\Program Files\Intel\Intel(R) Management Engine Components\IPT;C:\Program Files (x86)\Intel\Intel(R) Management Engine Components\IPT;C:\Program Files\Intel\WiFi\bin\;C:\Program Files\Common Files\Intel\WirelessCommon\
USERNAME=carrey
OS=Windows_NT
PROCESSOR_IDENTIFIER=Intel64 Family 6 Model 61 Stepping 4, GenuineIntel



---------------  S Y S T E M  ---------------

OS: Windows 7 , 64 bit Build 7601 Service Pack 1

CPU:total 4 (2 cores per cpu, 2 threads per core) family 6 model 61 stepping 4, cmov, cx8, fxsr, mmx, sse, sse2, sse3, ssse3, sse4.1, sse4.2, popcnt, avx, avx2, ht, tsc, tscinvbit

Memory: 4k page, physical 10994044k(3693308k free), swap 10992208k(5176k free)

vm_info: Java HotSpot(TM) 64-Bit Server VM (23.21-b01) for windows-amd64 JRE (1.7.0_21-b11), built on Apr  4 2013 08:11:28 by "java_re" with unknown MS VC++:1600

time: Wed Jan 13 15:32:47 2016
elapsed time: 1 seconds

