# Failed to write core dump. Minidumps are not enabled by default on client versions of Windows
#

---------------  T H R E A D  ---------------

Current thread (0x000000001141c800):  JavaThread "C2 CompilerThread0" daemon [_thread_in_native, id=7704, stack(0x00000000123b0000,0x00000000124b0000)]

Stack: [0x00000000123b0000,0x00000000124b0000]

Current CompileTask:
C2:    413    8             sun.nio.cs.UTF_8$Encoder::encode (361 bytes)


---------------  P R O C E S S  ---------------

Java Threads: ( => current thread )
  0x0000000011422000 JavaThread "Service Thread" daemon [_thread_blocked, id=1420, stack(0x0000000012c40000,0x0000000012d40000)]
  0x0000000011421800 JavaThread "C2 CompilerThread1" daemon [_thread_blocked, id=7900, stack(0x0000000012aa0000,0x0000000012ba0000)]
=>0x000000001141c800 JavaThread "C2 CompilerThread0" daemon [_thread_in_native, id=7704, stack(0x00000000123b0000,0x00000000124b0000)]
  0x000000001141b800 JavaThread "Attach Listener" daemon [_thread_blocked, id=9188, stack(0x0000000012860000,0x0000000012960000)]
  0x0000000011414000 JavaThread "Signal Dispatcher" daemon [_thread_blocked, id=9208, stack(0x00000000126a0000,0x00000000127a0000)]
  0x0000000002381000 JavaThread "Finalizer" daemon [_thread_blocked, id=8236, stack(0x00000000124e0000,0x00000000125e0000)]
  0x000000000237f800 JavaThread "Reference Handler" daemon [_thread_blocked, id=8280, stack(0x00000000121f0000,0x00000000122f0000)]
  0x000000000246e800 JavaThread "main" [_thread_in_vm, id=7188, stack(0x0000000002720000,0x0000000002820000)]

Other Threads:
  0x0000000011372800 VMThread [stack: 0x00000000120a0000,0x00000000121a0000] [id=8264]
  0x0000000011433000 WatcherThread [stack: 0x0000000012e00000,0x0000000012f00000] [id=7656]

VM state:not at safepoint (normal execution)

VM Mutex/Monitor currently owned by a thread: None

Heap
 PSYoungGen      total 50176K, used 2588K [0x00000007aaab0000, 0x00000007ae2a0000, 0x0000000800000000)
  eden space 43072K, 6% used [0x00000007aaab0000,0x00000007aad37108,0x00000007ad4c0000)
  from space 7104K, 0% used [0x00000007adbb0000,0x00000007adbb0000,0x00000007ae2a0000)
  to   space 7104K, 0% used [0x00000007ad4c0000,0x00000007ad4c0000,0x00000007adbb0000)
 ParOldGen       total 114560K, used 0K [0x0000000700000000, 0x0000000706fe0000, 0x00000007aaab0000)
  object space 114560K, 0% used [0x0000000700000000,0x0000000700000000,0x0000000706fe0000)
 PSPermGen       total 21248K, used 3982K [0x00000006fae00000, 0x00000006fc2c0000, 0x0000000700000000)
  object space 21248K, 18% used [0x00000006fae00000,0x00000006fb1e39a0,0x00000006fc2c0000)

Card table byte_map: [0x0000000005820000,0x0000000006050000] byte_map_base: 0x0000000002049000

Polling page: 0x0000000000330000

Code Cache  [0x0000000002820000, 0x0000000002a90000, 0x0000000005820000)
 total_blobs=227 nmethods=7 adapters=172 free_code_cache=48741Kb largest_free_block=49898304

Compilation events (10 events):
Event: 0.242 Thread 0x0000000011421800    3             java.lang.String::indexOf (70 bytes)
Event: 0.244 Thread 0x0000000011421800 nmethod 3 0x0000000002880750 code [0x00000000028808a0, 0x0000000002880a48]
Event: 0.288 Thread 0x000000001141c800    4             java.lang.String::lastIndexOf (52 bytes)
Event: 0.290 Thread 0x000000001141c800 nmethod 4 0x0000000002880390 code [0x00000000028804e0, 0x0000000002880648]
Event: 0.343 Thread 0x0000000011421800    5             java.lang.String::charAt (29 bytes)
Event: 0.344 Thread 0x0000000011421800 nmethod 5 0x0000000002887e50 code [0x0000000002887f80, 0x0000000002888038]
Event: 0.347 Thread 0x000000001141c800    6             java.lang.String::replace (127 bytes)
Event: 0.356 Thread 0x000000001141c800 nmethod 6 0x0000000002886190 code [0x00000000028862e0, 0x0000000002886798]
Event: 0.407 Thread 0x0000000011421800    7             java.lang.String::indexOf (166 bytes)
Event: 0.412 Thread 0x000000001141c800    8             sun.nio.cs.UTF_8$Encoder::encode (361 bytes)

GC Heap History (0 events):
No events

Deoptimization events (0 events):
No events

Internal exceptions (10 events):
Event: 0.402 Thread 0x000000000246e800 Threw 0x00000007aad00450 at C:\jdk7u2_64p\jdk7u21\hotspot\src\share\vm\prims\jvm.cpp:1166
Event: 0.403 Thread 0x000000000246e800 Threw 0x00000007aad03500 at C:\jdk7u2_64p\jdk7u21\hotspot\src\share\vm\prims\jvm.cpp:1166
Event: 0.403 Thread 0x000000000246e800 Threw 0x00000007aad057e0 at C:\jdk7u2_64p\jdk7u21\hotspot\src\share\vm\prims\jvm.cpp:1166
Event: 0.406 Thread 0x000000000246e800 Threw 0x00000007aad08218 at C:\jdk7u2_64p\jdk7u21\hotspot\src\share\vm\prims\jvm.cpp:1166
Event: 0.407 Thread 0x000000000246e800 Threw 0x00000007aad0a698 at C:\jdk7u2_64p\jdk7u21\hotspot\src\share\vm\prims\jvm.cpp:1166
Event: 0.407 Thread 0x000000000246e800 Threw 0x00000007aad0d6b8 at C:\jdk7u2_64p\jdk7u21\hotspot\src\share\vm\prims\jvm.cpp:1166
Event: 0.410 Thread 0x000000000246e800 Threw 0x00000007aad11e58 at C:\jdk7u2_64p\jdk7u21\hotspot\src\share\vm\prims\jvm.cpp:1166
Event: 0.412 Thread 0x000000000246e800 Threw 0x00000007aad15730 at C:\jdk7u2_64p\jdk7u21\hotspot\src\share\vm\prims\jvm.cpp:1166
Event: 0.412 Thread 0x000000000246e800 Threw 0x00000007aad17838 at C:\jdk7u2_64p\jdk7u21\hotspot\src\share\vm\prims\jvm.cpp:1166
Event: 0.412 Thread 0x000000000246e800 Threw 0x00000007aad1a248 at C:\jdk7u2_64p\jdk7u21\hotspot\src\share\vm\prims\jvm.cpp:1166

Events (10 events):
Event: 0.407 loading class 0x0000000012f70d30
Event: 0.407 loading class 0x0000000012f70d30 done
Event: 0.410 loading class 0x0000000012fd3e20
Event: 0.410 loading class 0x0000000012fd3e20 done
Event: 0.412 loading class 0x0000000012f37740
Event: 0.412 loading class 0x0000000012f37740 done
Event: 0.412 loading class 0x0000000012fef000
Event: 0.412 loading class 0x0000000012fef000 done
Event: 0.412 loading class 0x0000000012f709f0
Event: 0.412 loading class 0x0000000012f709f0 done


Dynamic libraries:
0x000000013f260000 - 0x000000013f293000 	D:\environment\jdk\jdk-7u21-windows-x64\bin\java.exe
0x0000000076cd0000 - 0x0000000076e79000 	C:\Windows\SYSTEM32\ntdll.dll
0x0000000076ab0000 - 0x0000000076bcf000 	C:\Windows\system32\kernel32.dll
0x000007fefcd00000 - 0x000007fefcd6c000 	C:\Windows\system32\KERNELBASE.dll
0x000007fefeaa0000 - 0x000007fefeb7b000 	C:\Windows\system32\ADVAPI32.dll
0x000007fefcee0000 - 0x000007fefcf7f000 	C:\Windows\system32\msvcrt.dll
0x000007fefd5d0000 - 0x000007fefd5ef000 	C:\Windows\SYSTEM32\sechost.dll
0x000007fefed90000 - 0x000007fefeebd000 	C:\Windows\system32\RPCRT4.dll
0x0000000076bd0000 - 0x0000000076cca000 	C:\Windows\system32\USER32.dll
0x000007fefd560000 - 0x000007fefd5c7000 	C:\Windows\system32\GDI32.dll
0x000007fefcf80000 - 0x000007fefcf8e000 	C:\Windows\system32\LPK.dll
0x000007fefd490000 - 0x000007fefd559000 	C:\Windows\system32\USP10.dll
0x000007fefb530000 - 0x000007fefb724000 	C:\Windows\WinSxS\amd64_microsoft.windows.common-controls_6595b64144ccf1df_6.0.7601.18837_none_fa3b1e3d17594757\COMCTL32.dll
0x000007fefd7b0000 - 0x000007fefd821000 	C:\Windows\system32\SHLWAPI.dll
0x000007fefcfe0000 - 0x000007fefd00e000 	C:\Windows\system32\IMM32.DLL
0x000007fefeec0000 - 0x000007fefefc9000 	C:\Windows\system32\MSCTF.dll
0x0000000057950000 - 0x0000000057a21000 	D:\environment\jdk\jdk-7u21-windows-x64\jre\bin\msvcr100.dll
0x000000005b430000 - 0x000000005bb51000 	D:\environment\jdk\jdk-7u21-windows-x64\jre\bin\server\jvm.dll
0x000007fef6ec0000 - 0x000007fef6ec9000 	C:\Windows\system32\WSOCK32.dll
0x000007fefcf90000 - 0x000007fefcfdd000 	C:\Windows\system32\WS2_32.dll
0x000007fefefd0000 - 0x000007fefefd8000 	C:\Windows\system32\NSI.dll
0x000007fefa720000 - 0x000007fefa75b000 	C:\Windows\system32\WINMM.dll
0x0000000076e90000 - 0x0000000076e97000 	C:\Windows\system32\PSAPI.DLL
0x0000000072f00000 - 0x0000000072f0f000 	D:\environment\jdk\jdk-7u21-windows-x64\jre\bin\verify.dll
0x0000000072ed0000 - 0x0000000072ef8000 	D:\environment\jdk\jdk-7u21-windows-x64\jre\bin\java.dll
0x0000000072eb0000 - 0x0000000072ec5000 	D:\environment\jdk\jdk-7u21-windows-x64\jre\bin\zip.dll
0x0000000072e90000 - 0x0000000072ea9000 	D:\environment\jdk\jdk-7u21-windows-x64\jre\bin\net.dll
0x000007fefc220000 - 0x000007fefc275000 	C:\Windows\system32\mswsock.dll
0x000007fefc210000 - 0x000007fefc217000 	C:\Windows\System32\wship6.dll
0x0000000072e70000 - 0x0000000072e81000 	D:\environment\jdk\jdk-7u21-windows-x64\jre\bin\nio.dll

VM Arguments:
jvm_args: -Djava.awt.headless=true -Xmx4g -Dfile.encoding=GBK -Duser.country=CN -Duser.language=zh -Duser.variant 
java_command: com.android.dx.command.Main --dex --num-threads=4 --output D:\workspace\myDemo\app\build\intermediates\pre-dexed\carrey\debug\com.android.support-cardview-v7-22.2.0_d812e958d6555a8342c9b302868df4bceca90a84.jar D:\workspace\myDemo\app\build\intermediates\exploded-aar\com.android.support\cardview-v7\22.2.0\jars\classes.jar
Launcher Type: SUN_STANDARD

Environment Variables:
JAVA_HOME=D:\environment\jdk\jdk-7u21-windows-x64
PATH=D:\environment\python\;D:\environment\python\Scripts;D:\environment\jdk\jdk-7u21-windows-x64\bin;D:\environment\git\Git\bin;D:\environment\sdk\sdk\platform-tools;;C:\Program Files (x86)\Intel\iCLS Client\;C:\Program Files\Intel\iCLS Client\;C:\Windows\system32;C:\Windows;C:\Windows\System32\Wbem;C:\Windows\System32\WindowsPowerShell\v1.0\;C:\Program Files\Intel\WiFi\bin\;C:\Program Files\Common Files\Intel\WirelessCommon\;C:\Program Files\Lenovo\Fingerprint Manager Pro\;C:\Program Files\Intel\Intel(R) Management Engine Components\DAL;C:\Program Files (x86)\Intel\Intel(R) Management Engine Components\DAL;C:\Program Files\Intel\Intel(R) Management Engine Components\IPT;C:\Program Files (x86)\Intel\Intel(R) Management Engine Components\IPT;C:\Program Files\Intel\WiFi\bin\;C:\Program Files\Common Files\Intel\WirelessCommon\
USERNAME=carrey
OS=Windows_NT
PROCESSOR_IDENTIFIER=Intel64 Family 6 Model 61 Stepping 4, GenuineIntel



---------------  S Y S T E M  ---------------

OS: Windows 7 , 64 bit Build 7601 Service Pack 1

CPU:total 4 (2 cores per cpu, 2 threads per core) family 6 model 61 stepping 4, cmov, cx8, fxsr, mmx, sse, sse2, sse3, ssse3, sse4.1, sse4.2, popcnt, avx, avx2, ht, tsc, tscinvbit

Memory: 4k page, physical 10994044k(3740576k free), swap 10992208k(5024k free)

vm_info: Java HotSpot(TM) 64-Bit Server VM (23.21-b01) for windows-amd64 JRE (1.7.0_21-b11), built on Apr  4 2013 08:11:28 by "java_re" with unknown MS VC++:1600

time: Wed Jan 13 15:33:28 2016
elapsed time: 0 seconds

