#
# There is insufficient memory for the Java Runtime Environment to continue.
# Native memory allocation (malloc) failed to allocate 77456 bytes for Chunk::new
# Possible reasons:
#   The system is out of physical RAM or swap space
#   In 32 bit mode, the process size limit was hit
# Possible solutions:
#   Reduce memory load on the system
#   Increase physical memory or swap space
#   Check if swap backing store is full
#   Use 64 bit Java on a 64 bit OS
#   Decrease Java heap size (-Xmx/-Xms)
#   Decrease number of Java threads
#   Decrease Java thread stack sizes (-Xss)
#   Set larger code cache with -XX:ReservedCodeCacheSize=
# This output file may be truncated or incomplete.
#
#  Out of Memory Error (allocation.cpp:328), pid=1688, tid=4736
#
# JRE version: 7.0_21-b11
# Java VM: Java HotSpot(TM) 64-Bit Server VM (23.21-b01 mixed mode windows-amd64 compressed oops)
# Failed to write core dump. Minidumps are not enabled by default on client versions of Windows
#

---------------  T H R E A D  ---------------

Current thread (0x000000001104c800):  JavaThread "C2 CompilerThread0" daemon [_thread_in_native, id=4736, stack(0x0000000012890000,0x0000000012990000)]

Stack: [0x0000000012890000,0x0000000012990000]

Current CompileTask:
C2:    496   21             sun.net.www.ParseUtil::encodePath (336 bytes)


---------------  P R O C E S S  ---------------

Java Threads: ( => current thread )
  0x0000000012dbe000 JavaThread "pool-1-thread-4" [_thread_blocked, id=4796, stack(0x0000000013780000,0x0000000013880000)]
  0x0000000012dbd000 JavaThread "pool-1-thread-3" [_thread_blocked, id=4092, stack(0x0000000013610000,0x0000000013710000)]
  0x0000000012cbb800 JavaThread "pool-1-thread-2" [_thread_blocked, id=7396, stack(0x0000000013270000,0x0000000013370000)]
  0x0000000012dd4000 JavaThread "pool-2-thread-1" [_thread_blocked, id=8008, stack(0x0000000013390000,0x0000000013490000)]
  0x0000000012ccb000 JavaThread "pool-1-thread-1" [_thread_in_vm, id=8384, stack(0x00000000130c0000,0x00000000131c0000)]
  0x000000001105e800 JavaThread "Service Thread" daemon [_thread_blocked, id=8256, stack(0x00000000120b0000,0x00000000121b0000)]
  0x0000000011059800 JavaThread "C2 CompilerThread1" daemon [_thread_blocked, id=7764, stack(0x0000000012480000,0x0000000012580000)]
=>0x000000001104c800 JavaThread "C2 CompilerThread0" daemon [_thread_in_native, id=4736, stack(0x0000000012890000,0x0000000012990000)]
  0x000000001104b800 JavaThread "Attach Listener" daemon [_thread_blocked, id=8200, stack(0x00000000126c0000,0x00000000127c0000)]
  0x0000000011044000 JavaThread "Signal Dispatcher" daemon [_thread_blocked, id=7876, stack(0x00000000125a0000,0x00000000126a0000)]
  0x00000000023b6800 JavaThread "Finalizer" daemon [_thread_blocked, id=5736, stack(0x0000000012320000,0x0000000012420000)]
  0x00000000023af800 JavaThread "Reference Handler" daemon [_thread_blocked, id=7736, stack(0x00000000121f0000,0x00000000122f0000)]
  0x00000000022be800 JavaThread "main" [_thread_blocked, id=7160, stack(0x00000000023d0000,0x00000000024d0000)]

Other Threads:
  0x0000000010fa2800 VMThread [stack: 0x0000000011f90000,0x0000000012090000] [id=7836]
  0x0000000011067000 WatcherThread [stack: 0x0000000012af0000,0x0000000012bf0000] [id=6244]

VM state:not at safepoint (normal execution)

VM Mutex/Monitor currently owned by a thread: None

Heap
 PSYoungGen      total 50176K, used 8638K [0x00000007aaab0000, 0x00000007ae2a0000, 0x0000000800000000)
  eden space 43072K, 20% used [0x00000007aaab0000,0x00000007ab31f8b0,0x00000007ad4c0000)
  from space 7104K, 0% used [0x00000007adbb0000,0x00000007adbb0000,0x00000007ae2a0000)
  to   space 7104K, 0% used [0x00000007ad4c0000,0x00000007ad4c0000,0x00000007adbb0000)
 ParOldGen       total 114560K, used 0K [0x0000000700000000, 0x0000000706fe0000, 0x00000007aaab0000)
  object space 114560K, 0% used [0x0000000700000000,0x0000000700000000,0x0000000706fe0000)
 PSPermGen       total 21248K, used 4832K [0x00000006fae00000, 0x00000006fc2c0000, 0x0000000700000000)
  object space 21248K, 22% used [0x00000006fae00000,0x00000006fb2b8388,0x00000006fc2c0000)

Card table byte_map: [0x0000000005670000,0x0000000005ea0000] byte_map_base: 0x0000000001e99000

Polling page: 0x0000000000540000

Code Cache  [0x00000000025b0000, 0x0000000002820000, 0x00000000055b0000)
 total_blobs=252 nmethods=20 adapters=184 free_code_cache=48712Kb largest_free_block=49866944

Compilation events (10 events):
Event: 0.437 Thread 0x000000001104c800 nmethod 15 0x0000000002615a90 code [0x0000000002615bc0, 0x0000000002615c98]
Event: 0.437 Thread 0x0000000011059800   16             com.android.dx.rop.cst.CstString::utf8BytesToString (391 bytes)
Event: 0.444 Thread 0x0000000011059800 nmethod 16 0x0000000002617910 code [0x0000000002617b00, 0x00000000026180c8]
Event: 0.455 Thread 0x000000001104c800   17             java.lang.String::startsWith (72 bytes)
Event: 0.456 Thread 0x0000000011059800   18             java.util.TreeMap::parentOf (13 bytes)
Event: 0.457 Thread 0x0000000011059800 nmethod 18 0x000000000261d050 code [0x000000000261d180, 0x000000000261d1d8]
Event: 0.458 Thread 0x000000001104c800 nmethod 17 0x00000000026172d0 code [0x0000000002617420, 0x00000000026175d8]
Event: 0.470 Thread 0x0000000011059800   20             java.lang.String::compareTo (78 bytes)
Event: 0.472 Thread 0x0000000011059800 nmethod 20 0x000000000261e590 code [0x000000000261e6e0, 0x000000000261e878]
Event: 0.486 Thread 0x000000001104c800   21             sun.net.www.ParseUtil::encodePath (336 bytes)

GC Heap History (0 events):
No events

Deoptimization events (0 events):
No events

Internal exceptions (10 events):
Event: 0.486 Thread 0x0000000012ccb000 Threw 0x00000007ab1af788 at C:\jdk7u2_64p\jdk7u21\hotspot\src\share\vm\prims\jvm.cpp:1166
Event: 0.486 Thread 0x0000000012ccb000 Threw 0x00000007ab1b3eb8 at C:\jdk7u2_64p\jdk7u21\hotspot\src\share\vm\prims\jvm.cpp:1166
Event: 0.487 Thread 0x0000000012ccb000 Threw 0x00000007ab1b96f0 at C:\jdk7u2_64p\jdk7u21\hotspot\src\share\vm\prims\jvm.cpp:1166
Event: 0.490 Thread 0x0000000012ccb000 Threw 0x00000007ab1bc738 at C:\jdk7u2_64p\jdk7u21\hotspot\src\share\vm\prims\jvm.cpp:1166
Event: 0.491 Thread 0x0000000012ccb000 Threw 0x00000007ab1c25a0 at C:\jdk7u2_64p\jdk7u21\hotspot\src\share\vm\prims\jvm.cpp:1166
Event: 0.492 Thread 0x0000000012ccb000 Threw 0x00000007ab1d2060 at C:\jdk7u2_64p\jdk7u21\hotspot\src\share\vm\prims\jvm.cpp:1166
Event: 0.493 Thread 0x0000000012ccb000 Threw 0x00000007ab1d6cf8 at C:\jdk7u2_64p\jdk7u21\hotspot\src\share\vm\prims\jvm.cpp:1166
Event: 0.494 Thread 0x0000000012ccb000 Threw 0x00000007ab1dc178 at C:\jdk7u2_64p\jdk7u21\hotspot\src\share\vm\prims\jvm.cpp:1166
Event: 0.494 Thread 0x0000000012ccb000 Threw 0x00000007ab1ddde0 at C:\jdk7u2_64p\jdk7u21\hotspot\src\share\vm\prims\jvm.cpp:1166
Event: 0.495 Thread 0x0000000012ccb000 Threw 0x00000007ab1e1270 at C:\jdk7u2_64p\jdk7u21\hotspot\src\share\vm\prims\jvm.cpp:1166

Events (10 events):
Event: 0.492 loading class 0x0000000012e185a0
Event: 0.492 loading class 0x0000000012e185a0 done
Event: 0.493 loading class 0x0000000012d99d40
Event: 0.493 loading class 0x0000000012d99d40 done
Event: 0.493 loading class 0x0000000012d99e00
Event: 0.493 loading class 0x0000000012d99e00 done
Event: 0.494 loading class 0x0000000012d96430
Event: 0.494 loading class 0x0000000012d96430 done
Event: 0.495 loading class 0x0000000012e08e20
Event: 0.495 loading class 0x0000000012e08e20 done


Dynamic libraries:
0x000000013f260000 - 0x000000013f293000 	D:\environment\jdk\jdk-7u21-windows-x64\bin\java.exe
0x0000000076cd0000 - 0x0000000076e79000 	C:\Windows\SYSTEM32\ntdll.dll
0x0000000076ab0000 - 0x0000000076bcf000 	C:\Windows\system32\kernel32.dll
0x000007fefcd00000 - 0x000007fefcd6c000 	C:\Windows\system32\KERNELBASE.dll
0x000007fefeaa0000 - 0x000007fefeb7b000 	C:\Windows\system32\ADVAPI32.dll
0x000007fefcee0000 - 0x000007fefcf7f000 	C:\Windows\system32\msvcrt.dll
0x000007fefd5d0000 - 0x000007fefd5ef000 	C:\Windows\SYSTEM32\sechost.dll
0x000007fefed90000 - 0x000007fefeebd000 	C:\Windows\system32\RPCRT4.dll
0x0000000076bd0000 - 0x0000000076cca000 	C:\Windows\system32\USER32.dll
0x000007fefd560000 - 0x000007fefd5c7000 	C:\Windows\system32\GDI32.dll
0x000007fefcf80000 - 0x000007fefcf8e000 	C:\Windows\system32\LPK.dll
0x000007fefd490000 - 0x000007fefd559000 	C:\Windows\system32\USP10.dll
0x000007fefb530000 - 0x000007fefb724000 	C:\Windows\WinSxS\amd64_microsoft.windows.common-controls_6595b64144ccf1df_6.0.7601.18837_none_fa3b1e3d17594757\COMCTL32.dll
0x000007fefd7b0000 - 0x000007fefd821000 	C:\Windows\system32\SHLWAPI.dll
0x000007fefcfe0000 - 0x000007fefd00e000 	C:\Windows\system32\IMM32.DLL
0x000007fefeec0000 - 0x000007fefefc9000 	C:\Windows\system32\MSCTF.dll
0x0000000057950000 - 0x0000000057a21000 	D:\environment\jdk\jdk-7u21-windows-x64\jre\bin\msvcr100.dll
0x000000005b430000 - 0x000000005bb51000 	D:\environment\jdk\jdk-7u21-windows-x64\jre\bin\server\jvm.dll
0x000007fef6ec0000 - 0x000007fef6ec9000 	C:\Windows\system32\WSOCK32.dll
0x000007fefcf90000 - 0x000007fefcfdd000 	C:\Windows\system32\WS2_32.dll
0x000007fefefd0000 - 0x000007fefefd8000 	C:\Windows\system32\NSI.dll
0x000007fefa720000 - 0x000007fefa75b000 	C:\Windows\system32\WINMM.dll
0x0000000076e90000 - 0x0000000076e97000 	C:\Windows\system32\PSAPI.DLL
0x0000000072f00000 - 0x0000000072f0f000 	D:\environment\jdk\jdk-7u21-windows-x64\jre\bin\verify.dll
0x0000000072ed0000 - 0x0000000072ef8000 	D:\environment\jdk\jdk-7u21-windows-x64\jre\bin\java.dll
0x0000000072eb0000 - 0x0000000072ec5000 	D:\environment\jdk\jdk-7u21-windows-x64\jre\bin\zip.dll
0x0000000072e90000 - 0x0000000072ea9000 	D:\environment\jdk\jdk-7u21-windows-x64\jre\bin\net.dll
0x000007fefc220000 - 0x000007fefc275000 	C:\Windows\system32\mswsock.dll
0x000007fefc210000 - 0x000007fefc217000 	C:\Windows\System32\wship6.dll
0x0000000072e70000 - 0x0000000072e81000 	D:\environment\jdk\jdk-7u21-windows-x64\jre\bin\nio.dll

VM Arguments:
jvm_args: -Djava.awt.headless=true -Xmx4g -Dfile.encoding=GBK -Duser.country=CN -Duser.language=zh -Duser.variant 
java_command: com.android.dx.command.Main --dex --num-threads=4 --output D:\workspace\myDemo\app\build\intermediates\pre-dexed\carrey\debug\internal_impl-23.1.1_9b01051a3db6e151c84ea84f3fe3538f108be004.jar D:\workspace\myDemo\app\build\intermediates\exploded-aar\com.android.support\support-v4\23.1.1\jars\libs\internal_impl-23.1.1.jar
Launcher Type: SUN_STANDARD

Environment Variables:
JAVA_HOME=D:\environment\jdk\jdk-7u21-windows-x64
PATH=D:\environment\python\;D:\environment\python\Scripts;D:\environment\jdk\jdk-7u21-windows-x64\bin;D:\environment\git\Git\bin;D:\environment\sdk\sdk\platform-tools;;C:\Program Files (x86)\Intel\iCLS Client\;C:\Program Files\Intel\iCLS Client\;C:\Windows\system32;C:\Windows;C:\Windows\System32\Wbem;C:\Windows\System32\WindowsPowerShell\v1.0\;C:\Program Files\Intel\WiFi\bin\;C:\Program Files\Common Files\Intel\WirelessCommon\;C:\Program Files\Lenovo\Fingerprint Manager Pro\;C:\Program Files\Intel\Intel(R) Management Engine Components\DAL;C:\Program Files (x86)\Intel\Intel(R) Management Engine Components\DAL;C:\Program Files\Intel\Intel(R) Management Engine Components\IPT;C:\Program Files (x86)\Intel\Intel(R) Management Engine Components\IPT;C:\Program Files\Intel\WiFi\bin\;C:\Program Files\Common Files\Intel\WirelessCommon\
USERNAME=carrey
OS=Windows_NT
PROCESSOR_IDENTIFIER=Intel64 Family 6 Model 61 Stepping 4, GenuineIntel



---------------  S Y S T E M  ---------------

OS: Windows 7 , 64 bit Build 7601 Service Pack 1

CPU:total 4 (2 cores per cpu, 2 threads per core) family 6 model 61 stepping 4, cmov, cx8, fxsr, mmx, sse, sse2, sse3, ssse3, sse4.1, sse4.2, popcnt, avx, avx2, ht, tsc, tscinvbit

Memory: 4k page, physical 10994044k(3743724k free), swap 10992208k(5092k free)

vm_info: Java HotSpot(TM) 64-Bit Server VM (23.21-b01) for windows-amd64 JRE (1.7.0_21-b11), built on Apr  4 2013 08:11:28 by "java_re" with unknown MS VC++:1600

time: Wed Jan 13 15:33:28 2016
elapsed time: 0 seconds

