#
# There is insufficient memory for the Java Runtime Environment to continue.
# Native memory allocation (malloc) failed to allocate 159216 bytes for Chunk::new
# Possible reasons:
#   The system is out of physical RAM or swap space
#   In 32 bit mode, the process size limit was hit
# Possible solutions:
#   Reduce memory load on the system
#   Increase physical memory or swap space
#   Check if swap backing store is full
#   Use 64 bit Java on a 64 bit OS
#   Decrease Java heap size (-Xmx/-Xms)
#   Decrease number of Java threads
#   Decrease Java thread stack sizes (-Xss)
#   Set larger code cache with -XX:ReservedCodeCacheSize=
# This output file may be truncated or incomplete.
#
#  Out of Memory Error (allocation.cpp:328), pid=4556, tid=5460
#
# JRE version: 7.0_21-b11
# Java VM: Java HotSpot(TM) 64-Bit Server VM (23.21-b01 mixed mode windows-amd64 compressed oops)
# Failed to write core dump. Minidumps are not enabled by default on client versions of Windows
#

---------------  T H R E A D  ---------------

Current thread (0x00000000111ce000):  JavaThread "C2 CompilerThread1" daemon [_thread_in_native, id=5460, stack(0x00000000128f0000,0x00000000129f0000)]

Stack: [0x00000000128f0000,0x00000000129f0000]
[error occurred during error reporting (printing stack bounds), id 0xc0000005]


[error occurred during error reporting (printing native stack), id 0xc0000005]


Current CompileTask:
C2:   1726  231             com.android.dx.ssa.SsaBasicBlock::newFromRop (183 bytes)


---------------  P R O C E S S  ---------------

Java Threads: ( => current thread )
  0x0000000012e41800 JavaThread "pool-1-thread-4" [_thread_blocked, id=6704, stack(0x0000000013920000,0x0000000013a20000)]
  0x0000000012eab800 JavaThread "pool-1-thread-3" [_thread_blocked, id=5828, stack(0x00000000137c0000,0x00000000138c0000)]
  0x0000000012e81000 JavaThread "pool-1-thread-2" [_thread_in_Java, id=5748, stack(0x0000000013500000,0x0000000013600000)]
  0x0000000012ea3800 JavaThread "pool-2-thread-1" [_thread_blocked, id=4140, stack(0x0000000013300000,0x0000000013400000)]
  0x0000000012d74000 JavaThread "pool-1-thread-1" [_thread_blocked, id=7400, stack(0x0000000013180000,0x0000000013280000)]
  0x00000000111cf000 JavaThread "Service Thread" daemon [_thread_blocked, id=7536, stack(0x0000000012bb0000,0x0000000012cb0000)]
=>0x00000000111ce000 JavaThread "C2 CompilerThread1" daemon [_thread_in_native, id=5460, stack(0x00000000128f0000,0x00000000129f0000)]
  0x00000000111cc000 JavaThread "C2 CompilerThread0" daemon [_thread_blocked, id=6300, stack(0x0000000012a00000,0x0000000012b00000)]
  0x00000000111cb000 JavaThread "Attach Listener" daemon [_thread_blocked, id=5684, stack(0x00000000127d0000,0x00000000128d0000)]
  0x00000000111c4000 JavaThread "Signal Dispatcher" daemon [_thread_blocked, id=1520, stack(0x0000000012540000,0x0000000012640000)]
  0x0000000002351000 JavaThread "Finalizer" daemon [_thread_blocked, id=7980, stack(0x0000000012260000,0x0000000012360000)]
  0x000000000234f800 JavaThread "Reference Handler" daemon [_thread_blocked, id=832, stack(0x00000000123b0000,0x00000000124b0000)]
  0x000000000243e800 JavaThread "main" [_thread_blocked, id=6564, stack(0x0000000002630000,0x0000000002730000)]

Other Threads:
  0x0000000011122800 VMThread [stack: 0x0000000012130000,0x0000000012230000] [id=464]
  0x00000000111d0000 WatcherThread [stack: 0x0000000012660000,0x0000000012760000] [id=6148]

VM state:not at safepoint (normal execution)

VM Mutex/Monitor currently owned by a thread: None

Heap
 PSYoungGen      total 50176K, used 31295K [0x00000007aaab0000, 0x00000007ae2a0000, 0x0000000800000000)
  eden space 43072K, 72% used [0x00000007aaab0000,0x00000007ac93fd78,0x00000007ad4c0000)
  from space 7104K, 0% used [0x00000007adbb0000,0x00000007adbb0000,0x00000007ae2a0000)
  to   space 7104K, 0% used [0x00000007ad4c0000,0x00000007ad4c0000,0x00000007adbb0000)
 ParOldGen       total 114560K, used 0K [0x0000000700000000, 0x0000000706fe0000, 0x00000007aaab0000)
  object space 114560K, 0% used [0x0000000700000000,0x0000000700000000,0x0000000706fe0000)
 PSPermGen       total 21248K, used 5873K [0x00000006fae00000, 0x00000006fc2c0000, 0x0000000700000000)
  object space 21248K, 27% used [0x00000006fae00000,0x00000006fb3bc468,0x00000006fc2c0000)

Card table byte_map: [0x0000000005730000,0x0000000005f60000] byte_map_base: 0x0000000001f59000

Polling page: 0x0000000000140000

Code Cache  [0x0000000002730000, 0x00000000029a0000, 0x0000000005730000)
 total_blobs=472 nmethods=235 adapters=188 free_code_cache=48226Kb largest_free_block=49362816

Compilation events (10 events):
Event: 1.697 Thread 0x00000000111cc000  230             com.android.dx.util.BitIntSet::<init> (13 bytes)
Event: 1.698 Thread 0x00000000111cc000 nmethod 230 0x0000000002803b50 code [0x0000000002803ca0, 0x0000000002803db8]
Event: 1.700 Thread 0x00000000111ce000  231             com.android.dx.ssa.SsaBasicBlock::newFromRop (183 bytes)
Event: 1.702 Thread 0x00000000111cc000  232             com.android.dx.rop.code.RegisterSpecList::set (7 bytes)
Event: 1.703 Thread 0x00000000111cc000 nmethod 232 0x0000000002803790 code [0x00000000028038e0, 0x00000000028039f8]
Event: 1.720 Thread 0x00000000111cc000  233   !         com.android.dx.rop.code.LocalVariableInfo::getStarts0 (18 bytes)
Event: 1.721 Thread 0x00000000111cc000 nmethod 233 0x000000000280b510 code [0x000000000280b640, 0x000000000280b6d8]
Event: 1.721 Thread 0x00000000111cc000  234             com.android.dx.rop.code.InsnList::getLast (11 bytes)
Event: 1.722 Thread 0x00000000111cc000 nmethod 234 0x00000000028099d0 code [0x0000000002809b20, 0x0000000002809bf8]
Event: 1.722 Thread 0x00000000111cc000  235             com.android.dx.dex.code.CodeAddress::<init> (11 bytes)

GC Heap History (0 events):
No events

Deoptimization events (10 events):
Event: 1.065 Thread 0x0000000012eab800 Uncommon trap -34 fr.pc 0x00000000027a81f4
Event: 1.358 Thread 0x0000000012e41800 Uncommon trap -58 fr.pc 0x00000000027d2250
Event: 1.358 Thread 0x0000000012e41800 Uncommon trap -58 fr.pc 0x00000000027d2250
Event: 1.359 Thread 0x0000000012e41800 Uncommon trap -58 fr.pc 0x00000000027d2250
Event: 1.359 Thread 0x0000000012e41800 Uncommon trap -58 fr.pc 0x00000000027d2250
Event: 1.394 Thread 0x0000000012eab800 Uncommon trap -12 fr.pc 0x00000000027ec5d4
Event: 1.465 Thread 0x0000000012eab800 Uncommon trap -83 fr.pc 0x00000000027b4298
Event: 1.686 Thread 0x0000000012e81000 Uncommon trap -83 fr.pc 0x0000000002806744
Event: 1.689 Thread 0x0000000012e81000 Uncommon trap -83 fr.pc 0x0000000002815f7c
Event: 1.704 Thread 0x0000000012e81000 Uncommon trap -12 fr.pc 0x00000000027c83a8

Internal exceptions (10 events):
Event: 0.749 Thread 0x0000000012e41800 Threw 0x00000007ab289b10 at C:\jdk7u2_64p\jdk7u21\hotspot\src\share\vm\prims\jvm.cpp:1166
Event: 0.792 Thread 0x0000000012e41800 Threw 0x00000007ab2acc80 at C:\jdk7u2_64p\jdk7u21\hotspot\src\share\vm\prims\jvm.cpp:1166
Event: 0.834 Thread 0x0000000012e41800 Threw 0x00000007ab5fe138 at C:\jdk7u2_64p\jdk7u21\hotspot\src\share\vm\prims\jvm.cpp:1166
Event: 0.939 Thread 0x000000000243e800 Threw 0x00000007ab7043d0 at C:\jdk7u2_64p\jdk7u21\hotspot\src\share\vm\prims\jvm.cpp:1166
Event: 0.940 Thread 0x0000000012e81000 Threw 0x00000007ab8c4e88 at C:\jdk7u2_64p\jdk7u21\hotspot\src\share\vm\prims\jvm.cpp:1166
Event: 0.962 Thread 0x000000000243e800 Threw 0x00000007ab75b1a0 at C:\jdk7u2_64p\jdk7u21\hotspot\src\share\vm\prims\jvm.cpp:1166
Event: 0.967 Thread 0x000000000243e800 Implicit null exception at 0x00000000027b4f06 to 0x00000000027b5269
Event: 1.007 Thread 0x0000000012e81000 Threw 0x00000007abc076c0 at C:\jdk7u2_64p\jdk7u21\hotspot\src\share\vm\prims\jvm.cpp:1166
Event: 1.394 Thread 0x0000000012eab800 Implicit null exception at 0x00000000027eb586 to 0x00000000027ec5a5
Event: 1.704 Thread 0x0000000012e81000 Implicit null exception at 0x00000000027c82a2 to 0x00000000027c839a

Events (10 events):
Event: 1.394 Thread 0x0000000012eab800 DEOPT PACKING pc=0x00000000027ec5d4 sp=0x00000000138bec70
Event: 1.394 Thread 0x0000000012eab800 DEOPT UNPACKING pc=0x0000000002769164 sp=0x00000000138beb88 mode 2
Event: 1.465 Thread 0x0000000012eab800 DEOPT PACKING pc=0x00000000027b4298 sp=0x00000000138be890
Event: 1.465 Thread 0x0000000012eab800 DEOPT UNPACKING pc=0x0000000002769164 sp=0x00000000138be830 mode 2
Event: 1.686 Thread 0x0000000012e81000 DEOPT PACKING pc=0x0000000002806744 sp=0x00000000135fef00
Event: 1.686 Thread 0x0000000012e81000 DEOPT UNPACKING pc=0x0000000002769164 sp=0x00000000135fee80 mode 2
Event: 1.689 Thread 0x0000000012e81000 DEOPT PACKING pc=0x0000000002815f7c sp=0x00000000135ff080
Event: 1.689 Thread 0x0000000012e81000 DEOPT UNPACKING pc=0x0000000002769164 sp=0x00000000135ff010 mode 2
Event: 1.704 Thread 0x0000000012e81000 DEOPT PACKING pc=0x00000000027c83a8 sp=0x00000000135fecc0
Event: 1.704 Thread 0x0000000012e81000 DEOPT UNPACKING pc=0x0000000002769164 sp=0x00000000135fec58 mode 2


Dynamic libraries:
0x000000013f260000 - 0x000000013f293000 	D:\environment\jdk\jdk-7u21-windows-x64\bin\java.exe
0x0000000076cd0000 - 0x0000000076e79000 	C:\Windows\SYSTEM32\ntdll.dll
0x0000000076ab0000 - 0x0000000076bcf000 	C:\Windows\system32\kernel32.dll
0x000007fefcd00000 - 0x000007fefcd6c000 	C:\Windows\system32\KERNELBASE.dll
0x000007fefeaa0000 - 0x000007fefeb7b000 	C:\Windows\system32\ADVAPI32.dll
0x000007fefcee0000 - 0x000007fefcf7f000 	C:\Windows\system32\msvcrt.dll
0x000007fefd5d0000 - 0x000007fefd5ef000 	C:\Windows\SYSTEM32\sechost.dll
0x000007fefed90000 - 0x000007fefeebd000 	C:\Windows\system32\RPCRT4.dll
0x0000000076bd0000 - 0x0000000076cca000 	C:\Windows\system32\USER32.dll
0x000007fefd560000 - 0x000007fefd5c7000 	C:\Windows\system32\GDI32.dll
0x000007fefcf80000 - 0x000007fefcf8e000 	C:\Windows\system32\LPK.dll
0x000007fefd490000 - 0x000007fefd559000 	C:\Windows\system32\USP10.dll
0x000007fefb530000 - 0x000007fefb724000 	C:\Windows\WinSxS\amd64_microsoft.windows.common-controls_6595b64144ccf1df_6.0.7601.18837_none_fa3b1e3d17594757\COMCTL32.dll
0x000007fefd7b0000 - 0x000007fefd821000 	C:\Windows\system32\SHLWAPI.dll
0x000007fefcfe0000 - 0x000007fefd00e000 	C:\Windows\system32\IMM32.DLL
0x000007fefeec0000 - 0x000007fefefc9000 	C:\Windows\system32\MSCTF.dll
0x0000000057950000 - 0x0000000057a21000 	D:\environment\jdk\jdk-7u21-windows-x64\jre\bin\msvcr100.dll
0x000000005b430000 - 0x000000005bb51000 	D:\environment\jdk\jdk-7u21-windows-x64\jre\bin\server\jvm.dll
0x000007fef6ec0000 - 0x000007fef6ec9000 	C:\Windows\system32\WSOCK32.dll
0x000007fefcf90000 - 0x000007fefcfdd000 	C:\Windows\system32\WS2_32.dll
0x000007fefefd0000 - 0x000007fefefd8000 	C:\Windows\system32\NSI.dll
0x000007fefa720000 - 0x000007fefa75b000 	C:\Windows\system32\WINMM.dll
0x0000000076e90000 - 0x0000000076e97000 	C:\Windows\system32\PSAPI.DLL
0x0000000072f00000 - 0x0000000072f0f000 	D:\environment\jdk\jdk-7u21-windows-x64\jre\bin\verify.dll
0x0000000072ed0000 - 0x0000000072ef8000 	D:\environment\jdk\jdk-7u21-windows-x64\jre\bin\java.dll
0x0000000072eb0000 - 0x0000000072ec5000 	D:\environment\jdk\jdk-7u21-windows-x64\jre\bin\zip.dll
0x0000000072e90000 - 0x0000000072ea9000 	D:\environment\jdk\jdk-7u21-windows-x64\jre\bin\net.dll
0x000007fefc220000 - 0x000007fefc275000 	C:\Windows\system32\mswsock.dll
0x000007fefc210000 - 0x000007fefc217000 	C:\Windows\System32\wship6.dll
0x0000000072e70000 - 0x0000000072e81000 	D:\environment\jdk\jdk-7u21-windows-x64\jre\bin\nio.dll

VM Arguments:
jvm_args: -Djava.awt.headless=true -Xmx4g -Dfile.encoding=GBK -Duser.country=CN -Duser.language=zh -Duser.variant 
java_command: com.android.dx.command.Main --dex --num-threads=4 --output D:\workspace\myDemo\app\build\intermediates\pre-dexed\carrey\debug\myDemo-common-unspecified_ded084b27a736245caf8469dd1b0562232d63d76.jar D:\workspace\myDemo\app\build\intermediates\exploded-aar\myDemo\common\unspecified\jars\classes.jar
Launcher Type: SUN_STANDARD

Environment Variables:
JAVA_HOME=D:\environment\jdk\jdk-7u21-windows-x64
PATH=D:\environment\python\;D:\environment\python\Scripts;D:\environment\jdk\jdk-7u21-windows-x64\bin;D:\environment\git\Git\bin;D:\environment\sdk\sdk\platform-tools;;C:\Program Files (x86)\Intel\iCLS Client\;C:\Program Files\Intel\iCLS Client\;C:\Windows\system32;C:\Windows;C:\Windows\System32\Wbem;C:\Windows\System32\WindowsPowerShell\v1.0\;C:\Program Files\Intel\WiFi\bin\;C:\Program Files\Common Files\Intel\WirelessCommon\;C:\Program Files\Lenovo\Fingerprint Manager Pro\;C:\Program Files\Intel\Intel(R) Management Engine Components\DAL;C:\Program Files (x86)\Intel\Intel(R) Management Engine Components\DAL;C:\Program Files\Intel\Intel(R) Management Engine Components\IPT;C:\Program Files (x86)\Intel\Intel(R) Management Engine Components\IPT;C:\Program Files\Intel\WiFi\bin\;C:\Program Files\Common Files\Intel\WirelessCommon\
USERNAME=carrey
OS=Windows_NT
PROCESSOR_IDENTIFIER=Intel64 Family 6 Model 61 Stepping 4, GenuineIntel



---------------  S Y S T E M  ---------------

OS: Windows 7 , 64 bit Build 7601 Service Pack 1

CPU:total 4 (2 cores per cpu, 2 threads per core) family 6 model 61 stepping 4, cmov, cx8, fxsr, mmx, sse, sse2, sse3, ssse3, sse4.1, sse4.2, popcnt, avx, avx2, ht, tsc, tscinvbit

Memory: 4k page, physical 10994044k(3692868k free), swap 10992208k(5140k free)

vm_info: Java HotSpot(TM) 64-Bit Server VM (23.21-b01) for windows-amd64 JRE (1.7.0_21-b11), built on Apr  4 2013 08:11:28 by "java_re" with unknown MS VC++:1600

time: Wed Jan 13 15:32:47 2016
elapsed time: 1 seconds

